2019-05-22 11:14:38 INFO  PluginTasksProjectComponent.projectOpened(77) - ---------- Project opened ----------
2019-05-22 11:14:38 INFO  PluginTasksProjectComponent.projectOpened(78) - ---------- Version 3.30 ----------

2019-05-22 11:14:38 INFO  PluginTasksProjectComponent.setAutoscrolls(366) - Autoscrolls successfully set
2019-05-22 11:14:41 INFO  ApacheHttpClient.isSessionAppropriateWithSecretKey(572) - The session is not set in the property file.
2019-05-22 11:14:41 INFO  ApacheHttpClient.logout(616) - Waiting for server response.
2019-05-22 11:14:41 INFO  ApacheHttpClient.login(238) - Waiting for server response.
2019-05-22 11:14:41 INFO  ApacheHttpClient.login(242) - responseCode = 200
2019-05-22 11:14:41 INFO  ApacheHttpClient.login(265) - JSESSIONID OK
2019-05-22 11:14:41 INFO  ApacheHttpClient.refreshUserInfo(293) - responseCode = 200
2019-05-22 11:14:41 INFO  ApacheHttpClient.refreshUserInfo(299) - User information received.
2019-05-22 11:14:41 INFO  ApacheHttpClient.startGA(35) - GAService started.
2019-05-22 11:14:41 WARN  PluginUtil.isProjectStructureCorrect(344) - The project structure is invalid.
2019-05-22 11:15:08 INFO  ApacheHttpClient.testConnection(193) - responseCode = 200
2019-05-22 11:15:08 INFO  ApacheHttpClient.testConnection(208) - result = true
2019-05-22 11:15:10 INFO  ApacheHttpClient.testConnection(193) - responseCode = 200
2019-05-22 11:15:10 INFO  ApacheHttpClient.testConnection(208) - result = true
2019-05-22 11:15:10 INFO  ApacheHttpClient.getWebResourceAsStream(485) - responseCode = 200
2019-05-22 11:15:27 INFO  ApacheHttpClient.testConnection(193) - responseCode = 200
2019-05-22 11:15:27 INFO  ApacheHttpClient.testConnection(208) - result = true
2019-05-22 11:15:31 INFO  ApacheHttpClient.testConnection(193) - responseCode = 200
2019-05-22 11:15:31 INFO  ApacheHttpClient.testConnection(208) - result = true
2019-05-22 11:15:31 INFO  ApacheHttpClient.getWebResourceAsStream(485) - responseCode = 200
2019-05-22 11:15:42 INFO  ApacheHttpClient.getWebResourceAsStream(485) - responseCode = 200
2019-05-22 11:15:42 WARN  PluginUtil.isProjectStructureCorrect(344) - The project structure is invalid.
2019-05-22 11:17:15 INFO  ApacheHttpClient.getWebResourceAsStream(485) - responseCode = 200
2019-05-22 11:17:15 WARN  PluginUtil.isProjectStructureCorrect(344) - The project structure is invalid.
2019-05-22 11:17:28 WARN  PluginUtil.chooseTasksFolder(446) - No folder selected for the project!
2019-05-22 11:23:57 INFO  PluginTasksProjectComponent.projectClosing(188) - ---------- Project closed ----------

2019-05-22 11:23:57 INFO  ApacheHttpClient.getTask(471) - responseCode = 200
2019-05-22 11:23:57 INFO  ApacheHttpClient.getTask(471) - responseCode = 200
2019-05-22 11:24:11 INFO  JavaRushTasksProjectComponent.projectOpened(68) - ---------- Project JavaRushTasks opened ----------
2019-05-22 11:24:11 INFO  JavaRushTasksProjectComponent.projectOpened(69) - ---------- Version 3.23 ----------

2019-05-22 11:24:11 INFO  JavaRushTasksProjectComponent.setAutoscrolls(343) - Autoscrolls успешно установлены
2019-05-22 11:24:11 INFO  ApacheHttpClient.createAsyncHttpClient(132) - Выбрано 1 прокси. Тип : DIRECT
2019-05-22 11:24:11 INFO  ApacheHttpClient.<init>(90) - ApacheHttpClient проинстанциирован успешно.
2019-05-22 11:24:12 INFO  ApacheHttpClient.testConnection(190) - responseCode = 200
2019-05-22 11:24:12 INFO  ApacheHttpClient.testConnection(201) - result = true
2019-05-22 11:24:12 INFO  ApacheHttpClient.login(231) - Ожидание ответа сервера.
2019-05-22 11:24:12 INFO  ApacheHttpClient.login(235) - responseCode = 200
2019-05-22 11:24:12 INFO  ApacheHttpClient.login(266) - JSESSIONID OK
2019-05-22 11:24:12 INFO  ApacheHttpClient.refreshUserInfo(294) - responseCode = 200
2019-05-22 11:24:12 INFO  ApacheHttpClient.refreshUserInfo(300) - Информация о пользователе получена.
2019-05-22 11:24:12 INFO  ApacheHttpClient.startGA(31) - GAService запущен.
2019-05-22 11:24:12 WARN  JavaRushUtil.isProjectStructureCorrect(350) - Структура проекта невалидная.
2019-05-22 11:24:15 INFO  ApacheHttpClient.testConnection(190) - responseCode = 200
2019-05-22 11:24:15 INFO  ApacheHttpClient.testConnection(201) - result = true
2019-05-22 11:24:17 INFO  ApacheHttpClient.testConnection(190) - responseCode = 200
2019-05-22 11:24:17 INFO  ApacheHttpClient.testConnection(201) - result = true
2019-05-22 11:24:17 INFO  ApacheHttpClient.getWebResourceAsStream(490) - responseCode = 200
2019-05-22 11:24:21 INFO  ApacheHttpClient.testConnection(190) - responseCode = 200
2019-05-22 11:24:21 INFO  ApacheHttpClient.testConnection(201) - result = true
2019-05-22 11:24:22 INFO  ApacheHttpClient.testConnection(190) - responseCode = 200
2019-05-22 11:24:22 INFO  ApacheHttpClient.testConnection(201) - result = true
2019-05-22 11:24:33 INFO  ApacheHttpClient.getWebResourceAsStream(490) - responseCode = 200
2019-05-22 11:24:39 INFO  ApacheHttpClient.getWebResourceAsStream(490) - responseCode = 200
2019-05-22 11:24:44 INFO  JavaRushTasksProjectComponent.projectClosing(165) - ---------- Project JavaRushTasks closed ----------

2019-05-22 11:24:44 INFO  ApacheHttpClient.getTask(475) - responseCode = 200
2019-05-22 11:24:58 INFO  PluginTasksProjectComponent.projectOpened(77) - ---------- Project opened ----------
2019-05-22 11:24:58 INFO  PluginTasksProjectComponent.projectOpened(78) - ---------- Version 3.30 ----------

2019-05-22 11:24:58 INFO  ApacheHttpClient.createAsyncHttpClient(135) - 1 proxies selected. Type: DIRECT
2019-05-22 11:24:58 INFO  ApacheHttpClient.<init>(93) - ApacheHttpClient was successfully instantiated.
2019-05-22 11:24:58 INFO  ApacheHttpClient.testConnection(193) - responseCode = 200
2019-05-22 11:24:58 INFO  ApacheHttpClient.testConnection(208) - result = true
2019-05-22 11:24:58 INFO  ApacheHttpClient.isSessionAppropriateWithSecretKey(585) - Waiting for server response.
2019-05-22 11:24:59 INFO  ApacheHttpClient.refreshUserInfo(293) - responseCode = 200
2019-05-22 11:24:59 INFO  ApacheHttpClient.refreshUserInfo(299) - User information received.
2019-05-22 11:24:59 INFO  ApacheHttpClient.startGA(35) - GAService started.
2019-05-22 11:24:59 WARN  PluginUtil.isProjectStructureCorrect(344) - The project structure is invalid.
2019-05-22 11:25:02 INFO  ApacheHttpClient.testConnection(193) - responseCode = 200
2019-05-22 11:25:02 INFO  ApacheHttpClient.testConnection(208) - result = true
2019-05-22 11:25:04 INFO  ApacheHttpClient.testConnection(193) - responseCode = 200
2019-05-22 11:25:04 INFO  ApacheHttpClient.testConnection(208) - result = true
2019-05-22 11:25:05 INFO  ApacheHttpClient.getWebResourceAsStream(485) - responseCode = 200
2019-05-22 11:25:08 INFO  ApacheHttpClient.testConnection(193) - responseCode = 200
2019-05-22 11:25:08 INFO  ApacheHttpClient.testConnection(208) - result = true
2019-05-22 11:25:10 INFO  ApacheHttpClient.testConnection(193) - responseCode = 200
2019-05-22 11:25:10 INFO  ApacheHttpClient.testConnection(208) - result = true
2019-05-22 11:25:14 INFO  ApacheHttpClient.getWebResourceAsStream(485) - responseCode = 200
2019-05-22 11:25:14 WARN  PluginUtil.isProjectStructureCorrect(344) - The project structure is invalid.
2019-05-22 11:25:36 WARN  PluginUtil.chooseTasksFolder(446) - No folder selected for the project!
2019-05-22 11:26:13 INFO  ApacheHttpClient.getWebResourceAsStream(485) - responseCode = 200
2019-05-22 11:26:13 WARN  PluginUtil.isProjectStructureCorrect(344) - The project structure is invalid.
2019-05-22 11:30:30 WARN  PluginUtil.chooseTasksFolder(446) - No folder selected for the project!
2019-05-22 11:31:54 INFO  PluginTasksProjectComponent.projectClosing(188) - ---------- Project closed ----------

2019-05-22 11:31:54 INFO  ApacheHttpClient.getTask(471) - responseCode = 200
2019-05-22 11:32:20 INFO  PluginTasksProjectComponent.projectOpened(77) - ---------- Project opened ----------
2019-05-22 11:32:20 INFO  PluginTasksProjectComponent.projectOpened(78) - ---------- Version 3.30 ----------

2019-05-22 11:32:22 INFO  ApacheHttpClient.isSessionAppropriateWithSecretKey(585) - Waiting for server response.
2019-05-22 11:32:22 INFO  ApacheHttpClient.logout(616) - Waiting for server response.
2019-05-22 11:32:23 INFO  ApacheHttpClient.login(238) - Waiting for server response.
2019-05-22 11:32:23 INFO  ApacheHttpClient.login(242) - responseCode = 200
2019-05-22 11:32:23 INFO  ApacheHttpClient.login(265) - JSESSIONID OK
2019-05-22 11:32:23 INFO  ApacheHttpClient.refreshUserInfo(293) - responseCode = 200
2019-05-22 11:32:23 INFO  ApacheHttpClient.refreshUserInfo(299) - User information received.
2019-05-22 11:32:23 INFO  ApacheHttpClient.startGA(35) - GAService started.
2019-05-22 11:32:23 INFO  AbstractRestApiClient.startService(71) - EventsService started.
2019-05-22 11:32:25 INFO  ApacheHttpClient.testConnection(193) - responseCode = 200
2019-05-22 11:32:25 INFO  ApacheHttpClient.testConnection(208) - result = true
2019-05-22 11:32:28 INFO  ApacheHttpClient.testConnection(193) - responseCode = 200
2019-05-22 11:32:28 INFO  ApacheHttpClient.testConnection(208) - result = true
2019-05-22 11:32:28 INFO  ApacheHttpClient.getWebResourceAsStream(485) - responseCode = 200
2019-05-22 11:32:31 INFO  ApacheHttpClient.testConnection(193) - responseCode = 200
2019-05-22 11:32:31 INFO  ApacheHttpClient.testConnection(208) - result = true
2019-05-22 11:32:33 INFO  ApacheHttpClient.testConnection(193) - responseCode = 200
2019-05-22 11:32:33 INFO  ApacheHttpClient.testConnection(208) - result = true
2019-05-22 11:32:55 INFO  ApacheHttpClient.getWebResourceAsStream(485) - responseCode = 200
2019-05-22 11:32:55 INFO  ApacheHttpClient.getFilteredTasks(324) - responseCode = 200
2019-05-22 11:33:23 INFO  ApacheHttpClient.sendEvent(518) - responseCode = 200
2019-05-22 11:34:23 INFO  ApacheHttpClient.sendEvent(518) - responseCode = 200
2019-05-22 11:35:23 INFO  ApacheHttpClient.sendEvent(518) - responseCode = 200
2019-05-22 11:36:23 INFO  ApacheHttpClient.sendEvent(518) - responseCode = 200
2019-05-22 11:37:23 INFO  ApacheHttpClient.sendEvent(518) - responseCode = 200
2019-05-22 11:38:23 INFO  ApacheHttpClient.sendEvent(518) - responseCode = 200
2019-05-22 11:39:23 INFO  ApacheHttpClient.sendEvent(518) - responseCode = 200
2019-05-22 11:40:23 INFO  ApacheHttpClient.sendEvent(518) - responseCode = 200
2019-05-22 11:41:23 INFO  ApacheHttpClient.sendEvent(518) - responseCode = 200
2019-05-22 11:42:23 INFO  ApacheHttpClient.sendEvent(518) - responseCode = 200
2019-05-22 11:43:23 INFO  ApacheHttpClient.sendEvent(518) - responseCode = 200
2019-05-22 11:44:23 INFO  ApacheHttpClient.sendEvent(518) - responseCode = 200
2019-05-22 11:45:23 INFO  ApacheHttpClient.sendEvent(518) - responseCode = 200
2019-05-22 11:46:23 INFO  ApacheHttpClient.sendEvent(518) - responseCode = 200
2019-05-22 11:47:23 INFO  ApacheHttpClient.sendEvent(518) - responseCode = 200
2019-05-22 11:48:23 INFO  ApacheHttpClient.sendEvent(518) - responseCode = 200
2019-05-22 11:49:23 INFO  ApacheHttpClient.sendEvent(518) - responseCode = 200
2019-05-22 11:50:23 INFO  ApacheHttpClient.sendEvent(518) - responseCode = 200
2019-05-22 11:51:23 INFO  ApacheHttpClient.sendEvent(518) - responseCode = 200
2019-05-22 11:52:23 INFO  ApacheHttpClient.sendEvent(518) - responseCode = 200
2019-05-22 11:53:23 INFO  ApacheHttpClient.sendEvent(518) - responseCode = 200
2019-05-22 11:54:23 INFO  ApacheHttpClient.sendEvent(518) - responseCode = 200
2019-05-22 11:55:23 INFO  ApacheHttpClient.sendEvent(518) - responseCode = 200
2019-05-22 11:56:23 INFO  ApacheHttpClient.sendEvent(518) - responseCode = 200
2019-05-22 11:57:23 INFO  ApacheHttpClient.sendEvent(518) - responseCode = 200
2019-05-22 11:58:23 INFO  ApacheHttpClient.sendEvent(518) - responseCode = 200
2019-05-22 11:59:23 INFO  ApacheHttpClient.sendEvent(518) - responseCode = 200
2019-05-22 12:00:23 INFO  ApacheHttpClient.sendEvent(518) - responseCode = 200
2019-05-22 12:01:23 INFO  ApacheHttpClient.sendEvent(518) - responseCode = 200
2019-05-22 12:02:23 INFO  ApacheHttpClient.sendEvent(518) - responseCode = 200
2019-05-22 12:03:23 INFO  ApacheHttpClient.sendEvent(518) - responseCode = 200
2019-05-22 12:04:23 INFO  ApacheHttpClient.sendEvent(518) - responseCode = 200
2019-05-22 12:05:23 INFO  ApacheHttpClient.sendEvent(518) - responseCode = 200
2019-05-22 12:06:23 INFO  ApacheHttpClient.sendEvent(518) - responseCode = 200
2019-05-22 12:07:23 INFO  ApacheHttpClient.sendEvent(518) - responseCode = 200
2019-05-22 12:08:23 INFO  ApacheHttpClient.sendEvent(518) - responseCode = 200
2019-05-22 12:09:23 INFO  ApacheHttpClient.sendEvent(518) - responseCode = 200
2019-05-22 12:10:23 INFO  ApacheHttpClient.sendEvent(518) - responseCode = 200
2019-05-22 12:11:23 INFO  ApacheHttpClient.sendEvent(518) - responseCode = 200
2019-05-22 12:12:23 INFO  ApacheHttpClient.sendEvent(518) - responseCode = 200
2019-05-22 12:13:23 INFO  ApacheHttpClient.sendEvent(518) - responseCode = 200
2019-05-22 12:14:23 INFO  ApacheHttpClient.sendEvent(518) - responseCode = 200
2019-05-22 12:15:23 INFO  ApacheHttpClient.sendEvent(518) - responseCode = 200
2019-05-22 12:16:23 INFO  ApacheHttpClient.sendEvent(518) - responseCode = 200
2019-05-22 12:17:23 INFO  ApacheHttpClient.sendEvent(518) - responseCode = 200
2019-05-22 12:18:23 INFO  ApacheHttpClient.sendEvent(518) - responseCode = 200
2019-05-22 12:19:23 INFO  ApacheHttpClient.sendEvent(518) - responseCode = 200
2019-05-22 12:20:23 INFO  ApacheHttpClient.sendEvent(518) - responseCode = 200
2019-05-22 12:21:23 INFO  ApacheHttpClient.sendEvent(518) - responseCode = 200
2019-05-22 12:22:23 INFO  ApacheHttpClient.sendEvent(518) - responseCode = 200
2019-05-22 12:23:23 INFO  ApacheHttpClient.sendEvent(518) - responseCode = 200
2019-05-22 12:24:23 INFO  ApacheHttpClient.sendEvent(518) - responseCode = 200
2019-05-22 12:25:23 INFO  ApacheHttpClient.sendEvent(518) - responseCode = 200
2019-05-22 12:26:23 INFO  ApacheHttpClient.sendEvent(518) - responseCode = 200
2019-05-22 12:27:23 INFO  ApacheHttpClient.sendEvent(518) - responseCode = 200
2019-05-22 12:28:23 INFO  ApacheHttpClient.sendEvent(518) - responseCode = 200
2019-05-22 12:29:23 INFO  ApacheHttpClient.sendEvent(518) - responseCode = 200
2019-05-22 12:30:23 INFO  ApacheHttpClient.sendEvent(518) - responseCode = 200
2019-05-22 12:31:23 INFO  ApacheHttpClient.sendEvent(518) - responseCode = 200
2019-05-22 12:32:23 INFO  ApacheHttpClient.sendEvent(518) - responseCode = 200
2019-05-22 12:33:23 INFO  ApacheHttpClient.sendEvent(518) - responseCode = 200
2019-05-22 12:34:23 INFO  ApacheHttpClient.sendEvent(518) - responseCode = 200
2019-05-22 12:35:23 INFO  ApacheHttpClient.sendEvent(518) - responseCode = 200
2019-05-22 12:36:23 INFO  ApacheHttpClient.sendEvent(518) - responseCode = 200
2019-05-22 12:37:23 INFO  ApacheHttpClient.sendEvent(518) - responseCode = 200
2019-05-22 12:38:23 INFO  ApacheHttpClient.sendEvent(518) - responseCode = 200
2019-05-22 12:39:23 INFO  ApacheHttpClient.sendEvent(518) - responseCode = 200
2019-05-22 12:40:23 INFO  ApacheHttpClient.sendEvent(518) - responseCode = 200
2019-05-22 12:41:23 INFO  ApacheHttpClient.sendEvent(518) - responseCode = 200
2019-05-22 12:42:23 INFO  ApacheHttpClient.sendEvent(518) - responseCode = 200
2019-05-22 12:43:23 INFO  ApacheHttpClient.sendEvent(518) - responseCode = 200
2019-05-22 12:44:23 INFO  ApacheHttpClient.sendEvent(518) - responseCode = 200
2019-05-22 12:45:23 INFO  ApacheHttpClient.sendEvent(518) - responseCode = 200
2019-05-22 12:46:23 INFO  ApacheHttpClient.sendEvent(518) - responseCode = 200
2019-05-22 12:47:23 INFO  ApacheHttpClient.sendEvent(518) - responseCode = 200
2019-05-22 12:48:23 INFO  ApacheHttpClient.sendEvent(518) - responseCode = 200
2019-05-22 12:49:23 INFO  ApacheHttpClient.sendEvent(518) - responseCode = 200
2019-05-22 12:50:23 INFO  ApacheHttpClient.sendEvent(518) - responseCode = 200
2019-05-22 12:51:23 INFO  ApacheHttpClient.sendEvent(518) - responseCode = 200
2019-05-22 12:52:23 INFO  ApacheHttpClient.sendEvent(518) - responseCode = 200
2019-05-22 12:53:23 INFO  ApacheHttpClient.sendEvent(518) - responseCode = 200
2019-05-22 12:54:23 INFO  ApacheHttpClient.sendEvent(518) - responseCode = 200
2019-05-22 12:55:23 INFO  ApacheHttpClient.sendEvent(518) - responseCode = 200
2019-05-22 12:56:23 INFO  ApacheHttpClient.sendEvent(518) - responseCode = 200
2019-05-22 12:57:23 INFO  ApacheHttpClient.sendEvent(518) - responseCode = 200
2019-05-22 12:58:23 INFO  ApacheHttpClient.sendEvent(518) - responseCode = 200
2019-05-22 12:59:23 INFO  ApacheHttpClient.sendEvent(518) - responseCode = 200
2019-05-22 13:00:23 INFO  ApacheHttpClient.sendEvent(518) - responseCode = 200
2019-05-22 13:01:23 INFO  ApacheHttpClient.sendEvent(518) - responseCode = 200
2019-05-22 13:02:23 INFO  ApacheHttpClient.sendEvent(518) - responseCode = 200
2019-05-22 13:03:23 INFO  ApacheHttpClient.sendEvent(518) - responseCode = 200
2019-05-22 13:04:23 INFO  ApacheHttpClient.sendEvent(518) - responseCode = 200
2019-05-22 13:05:23 INFO  ApacheHttpClient.sendEvent(518) - responseCode = 200
2019-05-22 13:06:23 INFO  ApacheHttpClient.sendEvent(518) - responseCode = 200
2019-05-22 13:07:23 INFO  ApacheHttpClient.sendEvent(518) - responseCode = 200
2019-05-22 13:08:23 INFO  ApacheHttpClient.sendEvent(518) - responseCode = 200
2019-05-22 13:09:23 INFO  ApacheHttpClient.sendEvent(518) - responseCode = 200
2019-05-22 13:10:23 INFO  ApacheHttpClient.sendEvent(518) - responseCode = 200
2019-05-22 13:11:23 INFO  ApacheHttpClient.sendEvent(518) - responseCode = 200
2019-05-22 13:12:23 INFO  ApacheHttpClient.sendEvent(518) - responseCode = 200
2019-05-22 13:13:23 INFO  ApacheHttpClient.sendEvent(518) - responseCode = 200
2019-05-22 13:14:23 INFO  ApacheHttpClient.sendEvent(518) - responseCode = 200
2019-05-22 13:15:23 INFO  ApacheHttpClient.sendEvent(518) - responseCode = 200
2019-05-22 13:16:23 INFO  ApacheHttpClient.sendEvent(518) - responseCode = 200
2019-05-22 13:17:23 INFO  ApacheHttpClient.sendEvent(518) - responseCode = 200
2019-05-22 13:18:23 INFO  ApacheHttpClient.sendEvent(518) - responseCode = 200
2019-05-22 13:19:23 INFO  ApacheHttpClient.sendEvent(518) - responseCode = 200
2019-05-22 13:20:23 INFO  ApacheHttpClient.sendEvent(518) - responseCode = 200
2019-05-22 13:21:23 INFO  ApacheHttpClient.sendEvent(518) - responseCode = 200
2019-05-22 13:22:23 INFO  ApacheHttpClient.sendEvent(518) - responseCode = 200
2019-05-22 13:23:23 INFO  ApacheHttpClient.sendEvent(518) - responseCode = 200
2019-05-22 13:24:23 INFO  ApacheHttpClient.sendEvent(518) - responseCode = 200
2019-05-22 13:25:23 INFO  ApacheHttpClient.sendEvent(518) - responseCode = 200
2019-05-22 13:26:23 INFO  ApacheHttpClient.sendEvent(518) - responseCode = 200
2019-05-22 13:27:23 INFO  ApacheHttpClient.sendEvent(518) - responseCode = 200
2019-05-22 13:28:23 INFO  ApacheHttpClient.sendEvent(518) - responseCode = 200
2019-05-22 13:29:23 INFO  ApacheHttpClient.sendEvent(518) - responseCode = 200
2019-05-22 13:30:23 INFO  ApacheHttpClient.sendEvent(518) - responseCode = 200
2019-05-22 13:31:23 INFO  ApacheHttpClient.sendEvent(518) - responseCode = 200
2019-05-22 13:32:23 INFO  ApacheHttpClient.sendEvent(518) - responseCode = 200
2019-05-22 13:33:23 INFO  ApacheHttpClient.sendEvent(518) - responseCode = 200
2019-05-22 13:34:23 INFO  ApacheHttpClient.sendEvent(518) - responseCode = 200
2019-05-22 13:35:23 INFO  ApacheHttpClient.sendEvent(518) - responseCode = 200
2019-05-22 13:36:23 INFO  ApacheHttpClient.sendEvent(518) - responseCode = 200
2019-05-22 13:37:23 INFO  ApacheHttpClient.sendEvent(518) - responseCode = 200
2019-05-22 13:38:23 INFO  ApacheHttpClient.sendEvent(518) - responseCode = 200
2019-05-22 13:39:23 INFO  ApacheHttpClient.sendEvent(518) - responseCode = 200
2019-05-22 13:40:23 INFO  ApacheHttpClient.sendEvent(518) - responseCode = 200
2019-05-22 13:41:23 INFO  ApacheHttpClient.sendEvent(518) - responseCode = 200
2019-05-22 13:42:23 INFO  ApacheHttpClient.sendEvent(518) - responseCode = 200
2019-05-22 13:43:23 INFO  ApacheHttpClient.sendEvent(518) - responseCode = 200
2019-05-22 13:44:23 INFO  ApacheHttpClient.sendEvent(518) - responseCode = 200
2019-05-22 13:45:23 INFO  ApacheHttpClient.sendEvent(518) - responseCode = 200
2019-05-22 13:46:23 INFO  ApacheHttpClient.sendEvent(518) - responseCode = 200
2019-05-22 13:47:23 INFO  ApacheHttpClient.sendEvent(518) - responseCode = 200
2019-05-22 13:48:23 INFO  ApacheHttpClient.sendEvent(518) - responseCode = 200
2019-05-22 13:49:23 INFO  ApacheHttpClient.sendEvent(518) - responseCode = 200
2019-05-22 13:50:23 INFO  ApacheHttpClient.sendEvent(518) - responseCode = 200
2019-05-22 13:51:23 INFO  ApacheHttpClient.sendEvent(518) - responseCode = 200
2019-05-22 13:52:23 INFO  ApacheHttpClient.sendEvent(518) - responseCode = 200
2019-05-22 13:53:23 INFO  ApacheHttpClient.sendEvent(518) - responseCode = 200
2019-05-22 13:54:23 INFO  ApacheHttpClient.sendEvent(518) - responseCode = 200
2019-05-22 13:55:23 INFO  ApacheHttpClient.sendEvent(518) - responseCode = 200
2019-05-22 13:56:23 INFO  ApacheHttpClient.sendEvent(518) - responseCode = 200
2019-05-22 13:57:23 INFO  ApacheHttpClient.sendEvent(518) - responseCode = 200
2019-05-22 13:58:23 INFO  ApacheHttpClient.sendEvent(518) - responseCode = 200
2019-05-22 13:59:23 INFO  ApacheHttpClient.sendEvent(518) - responseCode = 200
2019-05-22 14:00:23 INFO  ApacheHttpClient.sendEvent(518) - responseCode = 200
2019-05-22 14:01:23 INFO  ApacheHttpClient.sendEvent(518) - responseCode = 200
2019-05-22 14:02:23 INFO  ApacheHttpClient.sendEvent(518) - responseCode = 200
2019-05-22 14:03:23 INFO  ApacheHttpClient.sendEvent(518) - responseCode = 200
2019-05-22 14:04:23 INFO  ApacheHttpClient.sendEvent(518) - responseCode = 200
2019-05-22 14:05:23 INFO  ApacheHttpClient.sendEvent(518) - responseCode = 200
2019-05-22 14:06:23 INFO  ApacheHttpClient.sendEvent(518) - responseCode = 200
2019-05-22 14:07:23 INFO  ApacheHttpClient.sendEvent(518) - responseCode = 200
2019-05-22 14:08:23 INFO  ApacheHttpClient.sendEvent(518) - responseCode = 200
2019-05-22 14:09:23 INFO  ApacheHttpClient.sendEvent(518) - responseCode = 200
2019-05-22 14:10:23 INFO  ApacheHttpClient.sendEvent(518) - responseCode = 200
2019-05-22 14:11:23 INFO  ApacheHttpClient.sendEvent(518) - responseCode = 200
2019-05-22 14:12:02 INFO  ApacheHttpClient.getWebResourceAsStream(485) - responseCode = 200
2019-05-22 14:12:02 INFO  ApacheHttpClient.getTask(471) - responseCode = 200
2019-05-22 14:12:02 INFO  ApacheHttpClient.getWebResourceAsStream(485) - responseCode = 200
2019-05-22 14:12:07 INFO  ApacheHttpClient.completed(28) - responseCode = 200
2019-05-22 14:12:23 INFO  ApacheHttpClient.sendEvent(518) - responseCode = 200
2019-05-22 14:12:43 INFO  ApacheHttpClient.getWebResourceAsStream(485) - responseCode = 200
2019-05-22 14:12:43 INFO  ApacheHttpClient.getTask(471) - responseCode = 200
2019-05-22 14:12:43 INFO  ApacheHttpClient.getWebResourceAsStream(485) - responseCode = 200
2019-05-22 14:12:49 INFO  ApacheHttpClient.completed(28) - responseCode = 200
2019-05-22 14:13:23 INFO  ApacheHttpClient.sendEvent(518) - responseCode = 200
2019-05-22 14:14:23 INFO  ApacheHttpClient.sendEvent(518) - responseCode = 200
2019-05-22 14:15:23 INFO  ApacheHttpClient.sendEvent(518) - responseCode = 200
2019-05-22 14:16:23 INFO  ApacheHttpClient.sendEvent(518) - responseCode = 200
2019-05-22 14:17:23 INFO  ApacheHttpClient.sendEvent(518) - responseCode = 200
2019-05-22 14:18:23 INFO  ApacheHttpClient.sendEvent(518) - responseCode = 200
2019-05-22 14:19:23 INFO  ApacheHttpClient.sendEvent(518) - responseCode = 200
2019-05-22 14:20:23 INFO  ApacheHttpClient.sendEvent(518) - responseCode = 200
2019-05-22 14:21:23 INFO  ApacheHttpClient.sendEvent(518) - responseCode = 200
2019-05-22 14:22:23 INFO  ApacheHttpClient.sendEvent(518) - responseCode = 200
2019-05-22 14:23:23 INFO  ApacheHttpClient.sendEvent(518) - responseCode = 200
2019-05-22 14:24:23 INFO  ApacheHttpClient.sendEvent(518) - responseCode = 200
2019-05-22 14:24:47 INFO  ApacheHttpClient.getWebResourceAsStream(485) - responseCode = 200
2019-05-22 14:24:47 INFO  ApacheHttpClient.getTask(471) - responseCode = 200
2019-05-22 14:24:48 INFO  ApacheHttpClient.getWebResourceAsStream(485) - responseCode = 200
2019-05-22 14:24:53 INFO  ApacheHttpClient.completed(28) - responseCode = 200
2019-05-22 14:25:23 INFO  ApacheHttpClient.sendEvent(518) - responseCode = 200
2019-05-22 14:26:15 INFO  ApacheHttpClient.getWebResourceAsStream(485) - responseCode = 200
2019-05-22 14:26:15 INFO  ApacheHttpClient.getTask(471) - responseCode = 200
2019-05-22 14:26:16 INFO  ApacheHttpClient.getWebResourceAsStream(485) - responseCode = 200
2019-05-22 14:26:20 INFO  ApacheHttpClient.completed(28) - responseCode = 200
2019-05-22 14:26:23 INFO  ApacheHttpClient.sendEvent(518) - responseCode = 200
2019-05-22 14:27:23 INFO  ApacheHttpClient.sendEvent(518) - responseCode = 200
2019-05-22 14:28:23 INFO  ApacheHttpClient.sendEvent(518) - responseCode = 200
2019-05-22 14:29:23 INFO  ApacheHttpClient.sendEvent(518) - responseCode = 200
2019-05-22 14:30:23 INFO  ApacheHttpClient.sendEvent(518) - responseCode = 200
2019-05-22 14:31:15 INFO  ApacheHttpClient.getWebResourceAsStream(485) - responseCode = 200
2019-05-22 14:31:15 INFO  ApacheHttpClient.getTask(471) - responseCode = 200
2019-05-22 14:31:15 INFO  ApacheHttpClient.getWebResourceAsStream(485) - responseCode = 200
2019-05-22 14:31:20 INFO  ApacheHttpClient.completed(28) - responseCode = 200
2019-05-22 14:31:20 INFO  ApacheHttpClient.getTask(471) - responseCode = 200
2019-05-22 14:31:23 INFO  ApacheHttpClient.sendEvent(518) - responseCode = 200
2019-05-22 14:31:30 INFO  ApacheHttpClient.getWebResourceAsStream(485) - responseCode = 200
2019-05-22 14:31:30 INFO  ApacheHttpClient.getFilteredTasks(324) - responseCode = 200
2019-05-22 14:31:32 INFO  ApacheHttpClient.getTaskTemplateInfo(341) - responseCode = 200
2019-05-22 14:31:34 INFO  ApacheHttpClient.testConnection(193) - responseCode = 200
2019-05-22 14:31:34 INFO  ApacheHttpClient.testConnection(208) - result = true
2019-05-22 14:31:36 INFO  ApacheHttpClient.testConnection(193) - responseCode = 200
2019-05-22 14:31:36 INFO  ApacheHttpClient.testConnection(208) - result = true
2019-05-22 14:31:36 INFO  ApacheHttpClient.getTaskTemplateInfo(341) - responseCode = 200
2019-05-22 14:31:36 INFO  ApacheHttpClient.getWebResourceAsStream(485) - responseCode = 200
2019-05-22 14:31:37 INFO  ApacheHttpClient.testConnection(193) - responseCode = 200
2019-05-22 14:31:37 INFO  ApacheHttpClient.testConnection(208) - result = true
2019-05-22 14:31:39 INFO  ApacheHttpClient.testConnection(193) - responseCode = 200
2019-05-22 14:31:39 INFO  ApacheHttpClient.testConnection(208) - result = true
2019-05-22 14:31:39 INFO  ApacheHttpClient.getWebResourceAsStream(485) - responseCode = 200
2019-05-22 14:32:23 INFO  ApacheHttpClient.sendEvent(518) - responseCode = 200
2019-05-22 14:33:23 INFO  ApacheHttpClient.sendEvent(518) - responseCode = 200
2019-05-22 14:34:23 INFO  ApacheHttpClient.sendEvent(518) - responseCode = 200
2019-05-22 14:35:23 INFO  ApacheHttpClient.sendEvent(518) - responseCode = 200
2019-05-22 14:36:23 INFO  ApacheHttpClient.sendEvent(518) - responseCode = 200
2019-05-22 14:37:23 INFO  ApacheHttpClient.sendEvent(518) - responseCode = 200
2019-05-22 14:38:23 INFO  ApacheHttpClient.sendEvent(518) - responseCode = 200
2019-05-22 14:39:23 INFO  ApacheHttpClient.sendEvent(518) - responseCode = 200
2019-05-22 14:40:23 INFO  ApacheHttpClient.sendEvent(518) - responseCode = 200
2019-05-22 14:41:23 INFO  ApacheHttpClient.sendEvent(518) - responseCode = 200
2019-05-22 14:42:23 INFO  ApacheHttpClient.sendEvent(518) - responseCode = 200
2019-05-22 14:43:23 INFO  ApacheHttpClient.sendEvent(518) - responseCode = 200
2019-05-22 14:44:23 INFO  ApacheHttpClient.sendEvent(518) - responseCode = 200
2019-05-22 14:45:23 INFO  ApacheHttpClient.sendEvent(518) - responseCode = 200
2019-05-22 14:46:23 INFO  ApacheHttpClient.sendEvent(518) - responseCode = 200
2019-05-22 14:47:23 INFO  ApacheHttpClient.sendEvent(518) - responseCode = 200
2019-05-22 14:48:23 INFO  ApacheHttpClient.sendEvent(518) - responseCode = 200
2019-05-22 14:49:23 INFO  ApacheHttpClient.sendEvent(518) - responseCode = 200
2019-05-22 14:50:23 INFO  ApacheHttpClient.sendEvent(518) - responseCode = 200
2019-05-22 14:51:23 INFO  ApacheHttpClient.sendEvent(518) - responseCode = 200
2019-05-22 14:52:23 INFO  ApacheHttpClient.sendEvent(518) - responseCode = 200
2019-05-22 14:53:23 INFO  ApacheHttpClient.sendEvent(518) - responseCode = 200
2019-05-22 14:54:23 INFO  ApacheHttpClient.sendEvent(518) - responseCode = 200
2019-05-22 14:55:23 INFO  ApacheHttpClient.sendEvent(518) - responseCode = 200
2019-05-22 14:56:23 INFO  ApacheHttpClient.sendEvent(518) - responseCode = 200
2019-05-22 14:57:23 INFO  ApacheHttpClient.sendEvent(518) - responseCode = 200
2019-05-22 14:58:23 INFO  ApacheHttpClient.sendEvent(518) - responseCode = 200
2019-05-22 14:59:23 INFO  ApacheHttpClient.sendEvent(518) - responseCode = 200
2019-05-22 15:00:23 INFO  ApacheHttpClient.sendEvent(518) - responseCode = 200
2019-05-22 15:01:23 INFO  ApacheHttpClient.sendEvent(518) - responseCode = 200
2019-05-22 15:02:23 INFO  ApacheHttpClient.sendEvent(518) - responseCode = 200
2019-05-22 15:03:23 INFO  ApacheHttpClient.sendEvent(518) - responseCode = 200
2019-05-22 15:04:23 INFO  ApacheHttpClient.sendEvent(518) - responseCode = 200
2019-05-22 15:05:23 INFO  ApacheHttpClient.sendEvent(518) - responseCode = 200
2019-05-22 15:06:23 INFO  ApacheHttpClient.sendEvent(518) - responseCode = 200
2019-05-22 15:07:23 INFO  ApacheHttpClient.sendEvent(518) - responseCode = 200
2019-05-22 15:08:23 INFO  ApacheHttpClient.sendEvent(518) - responseCode = 200
2019-05-22 15:09:23 INFO  ApacheHttpClient.sendEvent(518) - responseCode = 200
2019-05-22 15:10:23 INFO  ApacheHttpClient.sendEvent(518) - responseCode = 200
2019-05-22 15:11:23 INFO  ApacheHttpClient.sendEvent(518) - responseCode = 200
2019-05-22 15:12:23 INFO  ApacheHttpClient.sendEvent(518) - responseCode = 200
2019-05-22 15:13:23 INFO  ApacheHttpClient.sendEvent(518) - responseCode = 200
2019-05-22 15:14:23 INFO  ApacheHttpClient.sendEvent(518) - responseCode = 200
2019-05-22 15:15:23 INFO  ApacheHttpClient.sendEvent(518) - responseCode = 200
2019-05-22 15:16:23 INFO  ApacheHttpClient.sendEvent(518) - responseCode = 200
2019-05-22 15:17:23 INFO  ApacheHttpClient.sendEvent(518) - responseCode = 200
2019-05-22 15:18:25 INFO  ApacheHttpClient.sendEvent(518) - responseCode = 200
2019-05-22 15:19:25 INFO  ApacheHttpClient.sendEvent(518) - responseCode = 200
2019-05-22 15:20:25 INFO  ApacheHttpClient.sendEvent(518) - responseCode = 200
2019-05-22 15:21:25 INFO  ApacheHttpClient.sendEvent(518) - responseCode = 200
2019-05-22 15:22:25 INFO  ApacheHttpClient.sendEvent(518) - responseCode = 200
2019-05-22 15:23:25 INFO  ApacheHttpClient.sendEvent(518) - responseCode = 200
2019-05-22 15:24:25 INFO  ApacheHttpClient.sendEvent(518) - responseCode = 200
2019-05-22 15:25:25 INFO  ApacheHttpClient.sendEvent(518) - responseCode = 200
2019-05-22 15:26:25 INFO  ApacheHttpClient.sendEvent(518) - responseCode = 200
2019-05-22 15:27:25 INFO  ApacheHttpClient.sendEvent(518) - responseCode = 200
2019-05-22 15:28:25 INFO  ApacheHttpClient.sendEvent(518) - responseCode = 200
2019-05-22 15:29:25 INFO  ApacheHttpClient.sendEvent(518) - responseCode = 200
2019-05-22 15:30:25 INFO  ApacheHttpClient.sendEvent(518) - responseCode = 200
2019-05-22 15:31:25 INFO  ApacheHttpClient.sendEvent(518) - responseCode = 200
2019-05-22 15:32:25 INFO  ApacheHttpClient.sendEvent(518) - responseCode = 200
2019-05-22 15:33:25 INFO  ApacheHttpClient.sendEvent(518) - responseCode = 200
2019-05-22 15:34:25 INFO  ApacheHttpClient.sendEvent(518) - responseCode = 200
2019-05-22 15:35:25 INFO  ApacheHttpClient.sendEvent(518) - responseCode = 200
2019-06-10 08:22:42 INFO  PluginTasksProjectComponent.projectOpened(77) - ---------- Project opened ----------
2019-06-10 08:22:42 INFO  PluginTasksProjectComponent.projectOpened(78) - ---------- Version 3.30 ----------

2019-06-10 08:22:42 INFO  ApacheHttpClient.createAsyncHttpClient(135) - 1 proxies selected. Type: DIRECT
2019-06-10 08:22:43 INFO  ApacheHttpClient.<init>(93) - ApacheHttpClient was successfully instantiated.
2019-06-10 08:22:43 INFO  ApacheHttpClient.testConnection(193) - responseCode = 200
2019-06-10 08:22:43 INFO  ApacheHttpClient.testConnection(208) - result = true
2019-06-10 08:22:43 INFO  ApacheHttpClient.isSessionAppropriateWithSecretKey(585) - Waiting for server response.
2019-06-10 08:22:44 INFO  ApacheHttpClient.refreshUserInfo(293) - responseCode = 200
2019-06-10 08:22:44 INFO  ApacheHttpClient.refreshUserInfo(299) - User information received.
2019-06-10 08:22:44 INFO  ApacheHttpClient.startGA(35) - GAService started.
2019-06-10 08:22:44 WARN  PluginUtil.isProjectStructureCorrect(344) - The project structure is invalid.
2019-06-10 08:22:46 INFO  ApacheHttpClient.testConnection(193) - responseCode = 200
2019-06-10 08:22:46 INFO  ApacheHttpClient.testConnection(208) - result = true
2019-06-10 08:22:47 INFO  ApacheHttpClient.testConnection(193) - responseCode = 200
2019-06-10 08:22:47 INFO  ApacheHttpClient.testConnection(208) - result = true
2019-06-10 08:22:50 INFO  ApacheHttpClient.getWebResourceAsStream(485) - responseCode = 200
2019-06-10 08:22:54 INFO  ApacheHttpClient.testConnection(193) - responseCode = 200
2019-06-10 08:22:54 INFO  ApacheHttpClient.testConnection(208) - result = true
2019-06-10 08:22:56 INFO  ApacheHttpClient.testConnection(193) - responseCode = 200
2019-06-10 08:22:56 INFO  ApacheHttpClient.testConnection(208) - result = true
2019-06-10 08:23:37 INFO  ApacheHttpClient.getWebResourceAsStream(485) - responseCode = 200
2019-06-10 08:23:43 INFO  ApacheHttpClient.getWebResourceAsStream(485) - responseCode = 200
2019-06-10 08:23:52 INFO  PluginTasksProjectComponent.projectClosing(188) - ---------- Project closed ----------

2019-06-10 08:23:52 INFO  ApacheHttpClient.getTask(471) - responseCode = 200
2019-06-10 08:23:52 INFO  ApacheHttpClient.getTask(471) - responseCode = 200
2019-06-10 08:24:02 INFO  PluginTasksProjectComponent.projectOpened(77) - ---------- Project opened ----------
2019-06-10 08:24:02 INFO  PluginTasksProjectComponent.projectOpened(78) - ---------- Version 3.31 ----------

2019-06-10 08:24:02 INFO  ApacheHttpClient.createAsyncHttpClient(135) - 1 proxies selected. Type: DIRECT
2019-06-10 08:24:02 INFO  ApacheHttpClient.<init>(93) - ApacheHttpClient was successfully instantiated.
2019-06-10 08:24:02 INFO  ApacheHttpClient.testConnection(193) - responseCode = 200
2019-06-10 08:24:02 INFO  ApacheHttpClient.testConnection(208) - result = true
2019-06-10 08:24:02 INFO  ApacheHttpClient.isSessionAppropriateWithSecretKey(585) - Waiting for server response.
2019-06-10 08:24:03 INFO  ApacheHttpClient.refreshUserInfo(293) - responseCode = 200
2019-06-10 08:24:03 INFO  ApacheHttpClient.refreshUserInfo(299) - User information received.
2019-06-10 08:24:03 INFO  ApacheHttpClient.startGA(35) - GAService started.
2019-06-10 08:24:03 WARN  PluginUtil.isProjectStructureCorrect(344) - The project structure is invalid.
2019-06-10 08:24:15 INFO  ApacheHttpClient.getWebResourceAsStream(485) - responseCode = 200
2019-06-10 08:24:15 WARN  PluginUtil.isProjectStructureCorrect(344) - The project structure is invalid.
2019-06-10 08:24:29 WARN  PluginUtil.chooseTasksFolder(446) - No folder selected for the project!
2019-06-10 08:24:57 INFO  ApacheHttpClient.getWebResourceAsStream(485) - responseCode = 200
2019-06-10 08:24:57 WARN  PluginUtil.isProjectStructureCorrect(344) - The project structure is invalid.
2019-06-10 08:25:23 WARN  PluginUtil.chooseTasksFolder(446) - No folder selected for the project!
2019-06-10 08:26:02 INFO  ApacheHttpClient.getWebResourceAsStream(485) - responseCode = 200
2019-06-10 08:26:25 INFO  PluginTasksProjectComponent.projectClosing(188) - ---------- Project closed ----------

2019-06-10 08:26:25 INFO  ApacheHttpClient.getTask(471) - responseCode = 200
2019-06-10 08:26:25 INFO  ApacheHttpClient.getTask(471) - responseCode = 200
2019-06-10 08:26:25 INFO  ApacheHttpClient.getTask(471) - responseCode = 200
2019-06-10 08:26:42 INFO  PluginTasksProjectComponent.projectOpened(77) - ---------- Project opened ----------
2019-06-10 08:26:42 INFO  PluginTasksProjectComponent.projectOpened(78) - ---------- Version 3.31 ----------

2019-06-10 08:26:42 INFO  ApacheHttpClient.createAsyncHttpClient(135) - 1 proxies selected. Type: DIRECT
2019-06-10 08:26:42 INFO  ApacheHttpClient.<init>(93) - ApacheHttpClient was successfully instantiated.
2019-06-10 08:26:42 INFO  ApacheHttpClient.testConnection(193) - responseCode = 200
2019-06-10 08:26:42 INFO  ApacheHttpClient.testConnection(208) - result = true
2019-06-10 08:26:43 INFO  ApacheHttpClient.isSessionAppropriateWithSecretKey(585) - Waiting for server response.
2019-06-10 08:26:43 INFO  ApacheHttpClient.refreshUserInfo(293) - responseCode = 200
2019-06-10 08:26:43 INFO  ApacheHttpClient.refreshUserInfo(299) - User information received.
2019-06-10 08:26:43 INFO  ApacheHttpClient.startGA(35) - GAService started.
2019-06-10 08:26:43 WARN  PluginUtil.isProjectStructureCorrect(344) - The project structure is invalid.
2019-06-10 08:26:46 INFO  ApacheHttpClient.getWebResourceAsStream(485) - responseCode = 200
2019-06-10 08:27:34 INFO  ApacheHttpClient.getWebResourceAsStream(485) - responseCode = 200
2019-06-10 08:27:34 WARN  PluginUtil.isProjectStructureCorrect(344) - The project structure is invalid.
2019-06-10 08:28:10 INFO  ApacheHttpClient.getWebResourceAsStream(485) - responseCode = 200
2019-06-10 08:28:10 WARN  PluginUtil.isProjectStructureCorrect(344) - The project structure is invalid.
2019-06-10 08:30:05 INFO  ApacheHttpClient.getWebResourceAsStream(485) - responseCode = 200
2019-06-10 08:30:05 WARN  PluginUtil.isProjectStructureCorrect(344) - The project structure is invalid.
2019-06-10 08:30:30 WARN  PluginUtil.chooseTasksFolder(446) - No folder selected for the project!
2019-06-10 08:30:39 INFO  ApacheHttpClient.getWebResourceAsStream(485) - responseCode = 200
2019-06-10 08:30:39 WARN  PluginUtil.isProjectStructureCorrect(344) - The project structure is invalid.
2019-06-10 08:31:07 INFO  ApacheHttpClient.getWebResourceAsStream(485) - responseCode = 200
2019-06-10 08:31:08 INFO  PluginTasksProjectComponent.projectOpened(77) - ---------- Project opened ----------
2019-06-10 08:31:08 INFO  PluginTasksProjectComponent.projectOpened(78) - ---------- Version 3.31 ----------

2019-06-10 08:31:10 INFO  ApacheHttpClient.isSessionAppropriateWithSecretKey(585) - Waiting for server response.
2019-06-10 08:31:10 INFO  ApacheHttpClient.refreshUserInfo(293) - responseCode = 200
2019-06-10 08:31:10 INFO  ApacheHttpClient.refreshUserInfo(299) - User information received.
2019-06-10 08:31:10 INFO  ApacheHttpClient.startGA(35) - GAService started.
2019-06-10 08:31:10 INFO  AbstractRestApiClient.startService(71) - EventsService started.
2019-06-10 08:31:19 INFO  ApacheHttpClient.getWebResourceAsStream(485) - responseCode = 200
2019-06-10 08:31:19 WARN  PluginUtil.isProjectStructureCorrect(344) - The project structure is invalid.
2019-06-10 08:31:27 WARN  PluginUtil.chooseTasksFolder(446) - No folder selected for the project!
2019-06-10 08:31:43 INFO  ApacheHttpClient.getWebResourceAsStream(485) - responseCode = 200
2019-06-10 08:31:44 INFO  ApacheHttpClient.getFilteredTasks(324) - responseCode = 200
2019-06-10 08:32:26 INFO  ApacheHttpClient.getTaskTemplateInfo(341) - responseCode = 200
2019-06-10 08:32:26 INFO  ApacheHttpClient.getWebResourceAsStream(485) - responseCode = 200
2019-06-10 08:32:36 INFO  PluginTasksProjectComponent.projectClosing(188) - ---------- Project closed ----------

2019-06-10 08:32:36 INFO  ApacheHttpClient.getTask(471) - responseCode = 200
2019-06-10 08:32:37 INFO  ApacheHttpClient.getTask(471) - responseCode = 200
2019-06-10 08:32:37 INFO  ApacheHttpClient.getTask(471) - responseCode = 200
2019-06-10 08:33:10 INFO  ApacheHttpClient.sendEvent(518) - responseCode = 200
2019-06-10 08:34:10 INFO  ApacheHttpClient.sendEvent(518) - responseCode = 200
2019-06-10 08:35:10 INFO  ApacheHttpClient.sendEvent(518) - responseCode = 200
2019-06-10 08:36:10 INFO  ApacheHttpClient.sendEvent(518) - responseCode = 200
2019-06-10 08:37:10 INFO  ApacheHttpClient.sendEvent(518) - responseCode = 200
2019-06-10 08:38:10 INFO  ApacheHttpClient.sendEvent(518) - responseCode = 200
2019-06-10 08:39:10 INFO  ApacheHttpClient.sendEvent(518) - responseCode = 200
2019-06-10 08:40:10 INFO  ApacheHttpClient.sendEvent(518) - responseCode = 200
2019-06-10 08:41:10 INFO  ApacheHttpClient.sendEvent(518) - responseCode = 200
2019-06-10 08:42:10 INFO  ApacheHttpClient.sendEvent(518) - responseCode = 200
2019-06-10 08:43:10 INFO  ApacheHttpClient.sendEvent(518) - responseCode = 200
2019-06-10 08:44:10 INFO  ApacheHttpClient.sendEvent(518) - responseCode = 200
2019-06-10 08:45:10 INFO  ApacheHttpClient.sendEvent(518) - responseCode = 200
2019-06-10 08:46:10 INFO  ApacheHttpClient.sendEvent(518) - responseCode = 200
2019-06-10 08:47:10 INFO  ApacheHttpClient.sendEvent(518) - responseCode = 200
2019-06-10 08:48:10 INFO  ApacheHttpClient.sendEvent(518) - responseCode = 200
2019-06-10 08:49:10 INFO  ApacheHttpClient.sendEvent(518) - responseCode = 200
2019-06-10 08:50:10 INFO  ApacheHttpClient.sendEvent(518) - responseCode = 200
2019-06-10 08:51:10 INFO  ApacheHttpClient.sendEvent(518) - responseCode = 200
2019-06-10 08:52:10 INFO  ApacheHttpClient.sendEvent(518) - responseCode = 200
2019-06-10 08:53:10 INFO  ApacheHttpClient.sendEvent(518) - responseCode = 200
2019-06-10 08:54:10 INFO  ApacheHttpClient.sendEvent(518) - responseCode = 200
2019-06-10 08:55:10 INFO  ApacheHttpClient.sendEvent(518) - responseCode = 200
2019-06-10 08:56:10 INFO  ApacheHttpClient.sendEvent(518) - responseCode = 200
2019-06-10 08:57:10 INFO  ApacheHttpClient.sendEvent(518) - responseCode = 200
